c:\users\programming user\documents\proyecto final\facedetectionapp\facedetectionapp\facedetectionapp\x64\debug\vc140.pdb
c:\users\programming user\documents\proyecto final\facedetectionapp\facedetectionapp\facedetectionapp\x64\debug\qrc_facedetectionapp.obj
c:\users\programming user\documents\proyecto final\facedetectionapp\facedetectionapp\facedetectionapp\x64\debug\main.obj
c:\users\programming user\documents\proyecto final\facedetectionapp\facedetectionapp\facedetectionapp\x64\debug\facedetectionapp.obj
c:\users\programming user\documents\proyecto final\facedetectionapp\facedetectionapp\facedetectionapp\x64\debug\opencvworker.obj
c:\users\programming user\documents\proyecto final\facedetectionapp\facedetectionapp\facedetectionapp\x64\debug\moc_facedetectionapp.obj
c:\users\programming user\documents\proyecto final\facedetectionapp\facedetectionapp\facedetectionapp\x64\debug\moc_opencvworker.obj
c:\users\programming user\documents\proyecto final\facedetectionapp\facedetectionapp\facedetectionapp\generatedfiles\qrc_facedetectionapp.cpp
c:\users\programming user\documents\proyecto final\facedetectionapp\facedetectionapp\facedetectionapp\generatedfiles\ui_facedetectionapp.h
c:\users\programming user\documents\proyecto final\facedetectionapp\facedetectionapp\facedetectionapp\generatedfiles\debug\moc_opencvworker.cpp
c:\users\programming user\documents\proyecto final\facedetectionapp\facedetectionapp\facedetectionapp\generatedfiles\debug\moc_facedetectionapp.cpp
c:\users\programming user\documents\proyecto final\facedetectionapp\facedetectionapp\x64\debug\facedetectionapp.ilk
c:\users\programming user\documents\proyecto final\facedetectionapp\facedetectionapp\x64\debug\facedetectionapp.exe
c:\users\programming user\documents\proyecto final\facedetectionapp\facedetectionapp\x64\debug\facedetectionapp.pdb
c:\users\programming user\documents\proyecto final\facedetectionapp\facedetectionapp\facedetectionapp\x64\debug\facedetectionapp.tlog\cl.command.1.tlog
c:\users\programming user\documents\proyecto final\facedetectionapp\facedetectionapp\facedetectionapp\x64\debug\facedetectionapp.tlog\cl.read.1.tlog
c:\users\programming user\documents\proyecto final\facedetectionapp\facedetectionapp\facedetectionapp\x64\debug\facedetectionapp.tlog\cl.write.1.tlog
c:\users\programming user\documents\proyecto final\facedetectionapp\facedetectionapp\facedetectionapp\x64\debug\facedetectionapp.tlog\custombuild.command.1.tlog
c:\users\programming user\documents\proyecto final\facedetectionapp\facedetectionapp\facedetectionapp\x64\debug\facedetectionapp.tlog\custombuild.read.1.tlog
c:\users\programming user\documents\proyecto final\facedetectionapp\facedetectionapp\facedetectionapp\x64\debug\facedetectionapp.tlog\custombuild.write.1.tlog
c:\users\programming user\documents\proyecto final\facedetectionapp\facedetectionapp\facedetectionapp\x64\debug\facedetectionapp.tlog\link.command.1.tlog
c:\users\programming user\documents\proyecto final\facedetectionapp\facedetectionapp\facedetectionapp\x64\debug\facedetectionapp.tlog\link.read.1.tlog
c:\users\programming user\documents\proyecto final\facedetectionapp\facedetectionapp\facedetectionapp\x64\debug\facedetectionapp.tlog\link.write.1.tlog
