c:\users\programming user\documents\proyecto final\facedetectionapp\facedetectionapp\facedetectionapp\x64\release\opencvworker.obj
c:\users\programming user\documents\proyecto final\facedetectionapp\facedetectionapp\facedetectionapp\x64\release\main.obj
c:\users\programming user\documents\proyecto final\facedetectionapp\facedetectionapp\facedetectionapp\x64\release\facedetectionapp.obj
c:\users\programming user\documents\proyecto final\facedetectionapp\facedetectionapp\facedetectionapp\x64\release\moc_facedetectionapp.obj
c:\users\programming user\documents\proyecto final\facedetectionapp\facedetectionapp\facedetectionapp\x64\release\moc_opencvworker.obj
c:\users\programming user\documents\proyecto final\facedetectionapp\facedetectionapp\facedetectionapp\x64\release\qrc_facedetectionapp.obj
c:\users\programming user\documents\proyecto final\facedetectionapp\facedetectionapp\facedetectionapp\generatedfiles\ui_facedetectionapp.h
c:\users\programming user\documents\proyecto final\facedetectionapp\facedetectionapp\facedetectionapp\generatedfiles\qrc_facedetectionapp.cpp
c:\users\programming user\documents\proyecto final\facedetectionapp\facedetectionapp\facedetectionapp\generatedfiles\release\moc_facedetectionapp.cpp
c:\users\programming user\documents\proyecto final\facedetectionapp\facedetectionapp\facedetectionapp\generatedfiles\release\moc_opencvworker.cpp
c:\users\programming user\documents\proyecto final\facedetectionapp\facedetectionapp\x64\release\facedetectionapp.exe
c:\users\programming user\documents\proyecto final\facedetectionapp\facedetectionapp\facedetectionapp\x64\release\facedetectionapp.tlog\cl.command.1.tlog
c:\users\programming user\documents\proyecto final\facedetectionapp\facedetectionapp\facedetectionapp\x64\release\facedetectionapp.tlog\cl.read.1.tlog
c:\users\programming user\documents\proyecto final\facedetectionapp\facedetectionapp\facedetectionapp\x64\release\facedetectionapp.tlog\cl.write.1.tlog
c:\users\programming user\documents\proyecto final\facedetectionapp\facedetectionapp\facedetectionapp\x64\release\facedetectionapp.tlog\custombuild.command.1.tlog
c:\users\programming user\documents\proyecto final\facedetectionapp\facedetectionapp\facedetectionapp\x64\release\facedetectionapp.tlog\custombuild.read.1.tlog
c:\users\programming user\documents\proyecto final\facedetectionapp\facedetectionapp\facedetectionapp\x64\release\facedetectionapp.tlog\custombuild.write.1.tlog
c:\users\programming user\documents\proyecto final\facedetectionapp\facedetectionapp\facedetectionapp\x64\release\facedetectionapp.tlog\link.command.1.tlog
c:\users\programming user\documents\proyecto final\facedetectionapp\facedetectionapp\facedetectionapp\x64\release\facedetectionapp.tlog\link.read.1.tlog
c:\users\programming user\documents\proyecto final\facedetectionapp\facedetectionapp\facedetectionapp\x64\release\facedetectionapp.tlog\link.write.1.tlog
